<?xml version="1.0" encoding="UTF-8"?>
<!-- Generated by org.testng.reporters.JUnitReportReporter -->
<testsuite hostname="LAPTOP-2892KGSG" failures="0" tests="1" name="vtiger.practice.ReadDataFromCmdLine" time="0.018" errors="0" timestamp="2023-04-26T08:53:53 IST" skipped="0">
  <testcase classname="vtiger.practice.ReadDataFromCmdLine" name="readData" time="0.018"/>
  <system-out/>
</testsuite> <!-- vtiger.practice.ReadDataFromCmdLine -->
