<?xml version="1.0" encoding="UTF-8"?>
<!-- Generated by org.testng.reporters.JUnitReportReporter -->
<testsuite hostname="LAPTOP-2892KGSG" failures="0" tests="5" name="vtiger.practice.DataProviderPractice" time="0.027" errors="0" timestamp="2023-04-13T08:23:28 IST" skipped="0">
  <testcase classname="vtiger.practice.DataProviderPractice" name="sampleTest" time="0.009"/>
  <system-out/>
  <testcase classname="vtiger.practice.DataProviderPractice" name="sampleTest" time="0.005"/>
  <system-out/>
  <testcase classname="vtiger.practice.DataProviderPractice" name="sampleTest" time="0.004"/>
  <system-out/>
  <testcase classname="vtiger.practice.DataProviderPractice" name="sampleTest" time="0.004"/>
  <system-out/>
  <testcase classname="vtiger.practice.DataProviderPractice" name="sampleTest" time="0.005"/>
  <system-out/>
</testsuite> <!-- vtiger.practice.DataProviderPractice -->
