<?xml version="1.0" encoding="UTF-8"?>
<!-- Generated by org.testng.reporters.JUnitReportReporter -->
<testsuite hostname="LAPTOP-2892KGSG" failures="0" tests="5" name="vtiger.practice.DataProvider" time="0.030" errors="0" timestamp="2023-04-13T07:50:37 IST" skipped="0">
  <testcase classname="vtiger.practice.DataProvider" name="sampleTest" time="0.010"/>
  <system-out/>
  <testcase classname="vtiger.practice.DataProvider" name="sampleTest" time="0.003"/>
  <system-out/>
  <testcase classname="vtiger.practice.DataProvider" name="sampleTest" time="0.004"/>
  <system-out/>
  <testcase classname="vtiger.practice.DataProvider" name="sampleTest" time="0.001"/>
  <system-out/>
  <testcase classname="vtiger.practice.DataProvider" name="sampleTest" time="0.012"/>
  <system-out/>
</testsuite> <!-- vtiger.practice.DataProvider -->
