<?xml version="1.0" encoding="UTF-8"?>
<!-- Generated by org.testng.reporters.JUnitReportReporter -->
<testsuite hostname="LAPTOP-2892KGSG" failures="0" tests="1" name="vtiger.practice.CreateMultipleOrgwithMultipleIndustryWithBaseClass" time="1.114" errors="1" timestamp="2023-04-14T09:42:34 IST" skipped="0">
  <testcase classname="vtiger.practice.CreateMultipleOrgwithMultipleIndustryWithBaseClass" name="bmConfig" time="1.114">
    <error message="
[public void vtiger.practice.CreateMultipleOrgwithMultipleIndustryWithBaseClass.bmConfig() throws java.io.IOException] has no parameters defined but was found to be using a data provider (either explicitly specified or inherited from class level annotation).
Data provider mismatch
Method: bmConfig([])
Arguments: [(java.lang.String) Wipro,(java.lang.String) Energy]" type="org.testng.internal.reflect.MethodMatcherException">
      <![CDATA[org.testng.internal.reflect.MethodMatcherException: 
[public void vtiger.practice.CreateMultipleOrgwithMultipleIndustryWithBaseClass.bmConfig() throws java.io.IOException] has no parameters defined but was found to be using a data provider (either explicitly specified or inherited from class level annotation).
Data provider mismatch
Method: bmConfig([])
Arguments: [(java.lang.String) Wipro,(java.lang.String) Energy]
at org.testng.internal.reflect.DataProviderMethodMatcher.getConformingArguments(DataProviderMethodMatcher.java:43)
at org.testng.internal.Parameters.injectParameters(Parameters.java:914)
at org.testng.internal.MethodRunner.runInSequence(MethodRunner.java:34)
at org.testng.internal.TestInvoker$MethodInvocationAgent.invoke(TestInvoker.java:824)
at org.testng.internal.TestInvoker.invokeTestMethods(TestInvoker.java:146)
at org.testng.internal.TestMethodWorker.invokeTestMethods(TestMethodWorker.java:146)
at org.testng.internal.TestMethodWorker.run(TestMethodWorker.java:128)
at java.base/java.util.concurrent.ThreadPoolExecutor.runWorker(ThreadPoolExecutor.java:1136)
at java.base/java.util.concurrent.ThreadPoolExecutor$Worker.run(ThreadPoolExecutor.java:635)
at java.base/java.lang.Thread.run(Thread.java:833)
]]>
    </error>
  </testcase> <!-- bmConfig -->
  <system-out/>
</testsuite> <!-- vtiger.practice.CreateMultipleOrgwithMultipleIndustryWithBaseClass -->
